make all --print-data-base --no-builtin-variables --no-builtin-rules --question
# GNU Make 4.3
# Built for x86_64-pc-linux-gnu
# Copyright (C) 1988-2020 Free Software Foundation, Inc.
# License GPLv3+: GNU GPL version 3 or later <http://gnu.org/licenses/gpl.html>
# This is free software: you are free to change and redistribute it.
# There is NO WARRANTY, to the extent permitted by law.

# Make data base, printed on Sun Jun  5 12:37:57 2022

# Variables

# environment
GDK_BACKEND = x11
# makefile (from 'Makefile', line 10)
AS = as
# environment
LC_ALL = C
# environment
NO_AT_BRIDGE = 1
# environment
GJS_DEBUG_OUTPUT = stderr
# environment
VSCODE_IPC_HOOK_EXTHOST = /run/user/1000/vscode-ipc-b051b77c-4265-41a0-a850-a8c535bdd3ac.sock
# environment
LC_NAME = zh_CN.UTF-8
# environment
LC_NUMERIC = zh_CN.UTF-8
# environment
VSCODE_CWD = /home/clares
# environment
WINDOWPATH = 2
# makefile (from 'Makefile', line 28)
LIBS = lib/lib.a
# environment
LC_ADDRESS = zh_CN.UTF-8
# environment
GDM_LANG = zh_CN.UTF-8
# default
MAKE_COMMAND := make
# environment
GTK3_MODULES = xapp-gtk3-module
# automatic
@D = $(patsubst %/,%,$(dir $@))
# environment
VSCODE_HANDLES_UNCAUGHT_ERRORS = true
# default
.VARIABLES := 
# environment
PWD = /home/clares/MDNotes/基础课类/操作系统/linux-0.11-master
# automatic
%D = $(patsubst %/,%,$(dir $%))
# environment
MAIL = /var/spool/mail/clares
# environment
XDG_DATA_DIRS = /home/clares/.local/share/flatpak/exports/share:/var/lib/flatpak/exports/share:/usr/local/share/:/usr/share/:/var/lib/snapd/desktop
# automatic
^D = $(patsubst %/,%,$(dir $^))
# environment
VSCODE_LOG_STACK = false
# automatic
%F = $(notdir $%)
# makefile (from 'Makefile', line 27)
MATH = kernel/math/math.a
# environment
VSCODE_CODE_CACHE_PATH = /home/clares/.config/Code/CachedData/da15b6fd3ef856477bf6f4fb29ba1b7af717770d
# environment
LANG = C
# environment
XAUTHORITY = /run/user/1000/gdm/Xauthority
# default
.LOADED := 
# default
.INCLUDE_DIRS = /usr/include /usr/local/include /usr/include
# makefile
MAKEFLAGS = pqrR
# makefile
CURDIR := /home/clares/MDNotes/基础课类/操作系统/linux-0.11-master
# environment
VSCODE_PIPE_LOGGING = true
# environment
APPLICATION_INSIGHTS_NO_DIAGNOSTIC_CHANNEL = 1
# automatic
*D = $(patsubst %/,%,$(dir $*))
# makefile (from 'Makefile', line 7)
AS86 = as86 -0 -a
# environment
MFLAGS = -pqrR
# environment
SSH_AUTH_SOCK = /run/user/1000/keyring/ssh
# default
.SHELLFLAGS := -c
# automatic
+D = $(patsubst %/,%,$(dir $+))
# environment
XDG_SESSION_DESKTOP = gnome
# makefile (from 'Makefile', line 1)
MAKEFILE_LIST := Makefile
# automatic
@F = $(notdir $@)
# environment
VSCODE_VERBOSE_LOGGING = true
# environment
VSCODE_PID = 5425
# environment
MOZ_ENABLE_WAYLAND = 1
# environment
XDG_SESSION_TYPE = x11
# automatic
?D = $(patsubst %/,%,$(dir $?))
# environment
SESSION_MANAGER = local/clare-ASUS:@/tmp/.ICE-unix/1427,unix/clare-ASUS:/tmp/.ICE-unix/1427
# automatic
*F = $(notdir $*)
# environment
QT_QPA_PLATFORMTHEME = qt5ct
# environment
CHROME_DESKTOP = code-url-handler.desktop
# environment
DBUS_SESSION_BUS_ADDRESS = unix:path=/run/user/1000/bus
# automatic
<D = $(patsubst %/,%,$(dir $<))
# environment
VSCODE_NLS_CONFIG = {"locale":"zh-cn","availableLanguages":{"*":"zh-cn"},"_languagePackId":"42e84e0914b17800d483f69e299e1b00.zh-cn","_translationsConfigFile":"/home/clares/.config/Code/clp/42e84e0914b17800d483f69e299e1b00.zh-cn/tcf.json","_cacheRoot":"/home/clares/.config/Code/clp/42e84e0914b17800d483f69e299e1b00.zh-cn","_resolvedLanguagePackCoreLocation":"/home/clares/.config/Code/clp/42e84e0914b17800d483f69e299e1b00.zh-cn/da15b6fd3ef856477bf6f4fb29ba1b7af717770d","_corruptedFile":"/home/clares/.config/Code/clp/42e84e0914b17800d483f69e299e1b00.zh-cn/corrupted.info","_languagePackSupport":true}
# default
MAKE_HOST := x86_64-pc-linux-gnu
# makefile
SHELL = /bin/sh
# default
MAKECMDGOALS := all
# environment
XMODIFIERS = @im=fcitx
# environment
GJS_DEBUG_TOPICS = JS ERROR;JS LOG
# environment
SHLVL = 1
# environment
MAKELEVEL := 0
# default
MAKE = $(MAKE_COMMAND)
# environment
PATH = /home/clares/.cargo/bin:/home/clares/.local/bin:/usr/local/bin:/usr/bin:/var/lib/snapd/snap/bin:/usr/local/sbin:/usr/lib/jvm/default/bin:/usr/bin/site_perl:/usr/bin/vendor_perl:/usr/bin/core_perl
# default
MAKEFILES := 
# environment
LC_MONETARY = zh_CN.UTF-8
# environment
MOTD_SHOWN = pam
# automatic
^F = $(notdir $^)
# makefile (from 'Makefile', line 26)
DRIVERS = kernel/blk_drv/blk_drv.a kernel/chr_drv/chr_drv.a
# environment
LC_TIME = zh_CN.UTF-8
# environment
INVOCATION_ID = e199ccb2a11c45bf980c5b8eee9f1831
# makefile (from 'Makefile', line 16)
CPP = cpp -nostdinc -Iinclude
# environment
VSCODE_LOG_NATIVE = false
# environment
USERNAME = clares
# environment
LC_TELEPHONE = zh_CN.UTF-8
# automatic
?F = $(notdir $?)
# environment
GTK_IM_MODULE = fcitx
# environment
XDG_CURRENT_DESKTOP = GNOME
# automatic
+F = $(notdir $+)
# environment
DESKTOP_SESSION = gnome
# environment
ORIGINAL_XDG_CURRENT_DESKTOP = GNOME
# makefile (from 'Makefile', line 25)
 
ARCHIVES = kernel/kernel.o mm/mm.o fs/fs.o
# 'override' directive
GNUMAKEFLAGS := 
# environment
LOGNAME = clares
# environment
GIO_LAUNCHED_DESKTOP_FILE = /usr/share/applications/visual-studio-code.desktop
# makefile
.DEFAULT_GOAL := all
# environment
SYSTEMD_EXEC_PID = 1443
# environment
EDITOR = /usr/bin/nano
# environment
DISPLAY = :1
# environment
USER = clares
# default
MAKE_VERSION := 4.3
# makefile (from 'Makefile', line 12)
LDFLAGS = -m elf_i386 -Ttext 0 -e startup_32
# environment
MANAGERPID = 1297
# environment
LC_MEASUREMENT = zh_CN.UTF-8
# environment
GIO_LAUNCHED_DESKTOP_FILE_PID = 5408
# makefile (from 'Makefile', line 5)
RAMDISK = 
# environment
_ = /usr/bin/make
# environment
LC_PAPER = zh_CN.UTF-8
# environment
XDG_RUNTIME_DIR = /run/user/1000
# makefile (from 'Makefile', line 14)
CFLAGS = -Wall -O2 -fomit-frame-pointer 
# makefile (from 'Makefile', line 23)
ROOT_DEV = 
# environment
JOURNAL_STREAM = 8:27025
# environment
XDG_SESSION_CLASS = user
# environment
VSCODE_AMD_ENTRYPOINT = vs/workbench/api/node/extensionHostProcess
# environment
HOME = /home/clares
# environment
QT_IM_MODULE = fcitx
# environment
ELECTRON_RUN_AS_NODE = 1
# environment
VSCODE_IPC_HOOK = /run/user/1000/vscode-1def44a2-1.67.1-main.sock
# default
.RECIPEPREFIX := 
# automatic
<F = $(notdir $<)
# default
SUFFIXES := 
# makefile (from 'Makefile', line 11)
LD = ld
# environment
QT_AUTO_SCREEN_SCALE_FACTOR = 1
# environment
VSCODE_CLI = 1
# environment
ELECTRON_NO_ATTACH_CONSOLE = 1
# makefile (from 'Makefile', line 8)
LD86 = ld86 -0
# default
.FEATURES := target-specific order-only second-expansion else-if shortest-stem undefine oneshell nocomment grouped-target extra-prereqs archives jobserver output-sync check-symlink guile load
# makefile (from 'Makefile', line 13)
CC = gcc -mcpu=i386 $(RAMDISK)
# environment
XDG_MENU_PREFIX = gnome-
# environment
GDMSESSION = gnome
# environment
LC_IDENTIFICATION = zh_CN.UTF-8
# variable set hash-table stats:
# Load=122/1024=12%, Rehash=0, Collisions=7/161=4%

# Pattern-specific Variable Values

# No pattern-specific variable values.

# Directories

# . (device 66310, inode 2098101): 16 files, no impossibilities.

# 16 files, no impossibilities in 1 directories.

# Implicit Rules

# No implicit rules.

# Files

.c.o:
#  Implicit rule search has not been done.
#  Modification time never checked.
#  File has not been updated.
#  recipe to execute (from 'Makefile', line 36):
	$(CC) $(CFLAGS) \
	-nostdinc -Iinclude -c -o $*.o $<

lib/lib.a:
#  Implicit rule search has not been done.
#  Modification time never checked.
#  File has not been updated.
#  recipe to execute (from 'Makefile', line 87):
	(cd lib; make)

# Not a target:
include/asm/io.h:
#  Implicit rule search has not been done.
#  Modification time never checked.
#  File has not been updated.

# Not a target:
include/sys/times.h:
#  Implicit rule search has not been done.
#  Modification time never checked.
#  File has not been updated.

boot/head.o: boot/head.s
#  Implicit rule search has not been done.
#  Modification time never checked.
#  File has not been updated.
#  recipe to execute (from 'Makefile', line 55):
	gcc -I./include -traditional -c boot/head.s
	mv head.o boot/

kernel/kernel.o:
#  Implicit rule search has not been done.
#  Modification time never checked.
#  File has not been updated.
#  recipe to execute (from 'Makefile', line 78):
	(cd kernel; make)

# Not a target:
Makefile:
#  Implicit rule search has been done.
#  Last modified 2022-05-16 20:22:30.987921327
#  File has been updated.
#  Successfully updated.

dep:
#  Implicit rule search has not been done.
#  Modification time never checked.
#  File has not been updated.
#  recipe to execute (from 'Makefile', line 115):
	sed '/\#\#\# Dependencies/q' < Makefile > tmp_make
	(for i in init/*.c;do echo -n "init/";$(CPP) -M $$i;done) >> tmp_make
	cp tmp_make Makefile
	(cd fs; make dep)
	(cd kernel; make dep)
	(cd mm; make dep)

disk: Image
#  Implicit rule search has not been done.
#  Modification time never checked.
#  File has not been updated.
#  recipe to execute (from 'Makefile', line 48):
	dd bs=8192 if=Image of=/dev/fd0

# Not a target:
include/linux/tty.h:
#  Implicit rule search has not been done.
#  Modification time never checked.
#  File has not been updated.

boot/bootsect: boot/bootsect.s
#  Implicit rule search has not been done.
#  Implicit/static pattern stem: ''
#  File does not exist.
#  File has been updated.
#  Needs to be updated (-q is set).
# automatic
# @ := boot/bootsect
# automatic
# * := 
# automatic
# < := boot/bootsect.s
# automatic
# + := boot/bootsect.s
# automatic
# % := 
# automatic
# ^ := boot/bootsect.s
# automatic
# ? := boot/bootsect.s
# automatic
# | := 
# variable set hash-table stats:
# Load=8/32=25%, Rehash=0, Collisions=2/13=15%
 
#  recipe to execute (from 'Makefile', line 94):
	$(AS86) -o boot/bootsect.o boot/bootsect.s
	$(LD86) -s -o boot/bootsect boot/bootsect.o

Image: boot/bootsect boot/setup tools/system tools/build
#  Implicit rule search has not been done.
#  File does not exist.
#  File has been updated.
#  Needs to be updated (-q is set).
# variable set hash-table stats:
# Load=0/32=0%, Rehash=0, Collisions=0/5=0%
#  recipe to execute (from 'Makefile', line 42):
	objcopy -O binary -R .note -R .comment tools/system tools/kernel
	tools/build boot/bootsect boot/setup tools/kernel $(ROOT_DEV) > Image
	rm tools/kernel -f
	sync

kernel/blk_drv/blk_drv.a:
#  Implicit rule search has not been done.
#  Modification time never checked.
#  File has not been updated.
#  recipe to execute (from 'Makefile', line 72):
	(cd kernel/blk_drv; make)

clean:
#  Implicit rule search has not been done.
#  Modification time never checked.
#  File has not been updated.
#  recipe to execute (from 'Makefile', line 103):
	rm -f Image System.map tmp_make core boot/bootsect boot/setup
	rm -f init/*.o tools/system tools/build boot/*.o
	(cd mm;make clean)
	(cd fs;make clean)
	(cd kernel;make clean)
	(cd lib;make clean)

tools/system: boot/head.o init/main.o kernel/kernel.o mm/mm.o fs/fs.o kernel/blk_drv/blk_drv.a kernel/chr_drv/chr_drv.a kernel/math/math.a lib/lib.a
#  Implicit rule search has not been done.
#  Modification time never checked.
#  File has not been updated.
#  recipe to execute (from 'Makefile', line 60):
	$(LD) $(LDFLAGS) boot/head.o init/main.o \
	$(ARCHIVES) \
	$(DRIVERS) \
	$(MATH) \
	$(LIBS) \
	-o tools/system 
	nm tools/system | grep -v '\(compiled\)\|\(\.o$$\)\|\( [aU] \)\|\(\.\.ng$$\)\|\(LASH[RL]DI\)'| sort > System.map 

# Not a target:
include/fcntl.h:
#  Implicit rule search has not been done.
#  Modification time never checked.
#  File has not been updated.

# Not a target:
include/stddef.h:
#  Implicit rule search has not been done.
#  Modification time never checked.
#  File has not been updated.

# Not a target:
include/asm/system.h:
#  Implicit rule search has not been done.
#  Modification time never checked.
#  File has not been updated.

kernel/math/math.a:
#  Implicit rule search has not been done.
#  Modification time never checked.
#  File has not been updated.
#  recipe to execute (from 'Makefile', line 69):
	(cd kernel/math; make)

# Not a target:
include/linux/mm.h:
#  Implicit rule search has not been done.
#  Modification time never checked.
#  File has not been updated.

init/main.o: init/main.c include/unistd.h include/sys/stat.h include/sys/types.h include/sys/times.h include/sys/utsname.h include/utime.h include/time.h include/linux/tty.h include/termios.h include/linux/sched.h include/linux/head.h include/linux/fs.h include/linux/mm.h include/signal.h include/asm/system.h include/asm/io.h include/stddef.h include/stdarg.h include/fcntl.h
#  Implicit rule search has not been done.
#  Modification time never checked.
#  File has not been updated.

tmp.s: boot/bootsect.s tools/system
#  Implicit rule search has not been done.
#  Modification time never checked.
#  File has not been updated.
#  recipe to execute (from 'Makefile', line 98):
	(echo -n "SYSSIZE = (";ls -l tools/system | grep system \
		| cut -c25-31 | tr '\012' ' '; echo "+ 15 ) / 16") > tmp.s
	cat boot/bootsect.s >> tmp.s

# Not a target:
include/utime.h:
#  Implicit rule search has not been done.
#  Modification time never checked.
#  File has not been updated.

kernel/chr_drv/chr_drv.a:
#  Implicit rule search has not been done.
#  Modification time never checked.
#  File has not been updated.
#  recipe to execute (from 'Makefile', line 75):
	(cd kernel/chr_drv; make)

# Not a target:
.DEFAULT:
#  Implicit rule search has not been done.
#  Modification time never checked.
#  File has not been updated.

tools/build: tools/build.c
#  Implicit rule search has not been done.
#  Modification time never checked.
#  File has not been updated.
#  recipe to execute (from 'Makefile', line 51):
	$(CC) $(CFLAGS) \
	-o tools/build tools/build.c

# Not a target:
include/termios.h:
#  Implicit rule search has not been done.
#  Modification time never checked.
#  File has not been updated.

# Not a target:
boot/head.s:
#  Implicit rule search has not been done.
#  Modification time never checked.
#  File has not been updated.

# Not a target:
boot/setup.s:
#  Implicit rule search has not been done.
#  Modification time never checked.
#  File has not been updated.

all: Image
#  Command line target.
#  Implicit rule search has been done.
#  File does not exist.
#  File has been updated.
#  Needs to be updated (-q is set).
# variable set hash-table stats:
# Load=0/32=0%, Rehash=0, Collisions=0/5=0%

# Not a target:
include/linux/sched.h:
#  Implicit rule search has not been done.
#  Modification time never checked.
#  File has not been updated.

# Not a target:
init/main.c:
#  Implicit rule search has not been done.
#  Modification time never checked.
#  File has not been updated.

.s.o:
#  Implicit rule search has not been done.
#  Modification time never checked.
#  File has not been updated.
#  recipe to execute (from 'Makefile', line 34):
	$(AS)  -o $*.o $<

boot/setup: boot/setup.s
#  Implicit rule search has not been done.
#  Modification time never checked.
#  File has not been updated.
#  recipe to execute (from 'Makefile', line 90):
	$(AS86) -o boot/setup.o boot/setup.s
	$(LD86) -s -o boot/setup boot/setup.o

# Not a target:
include/sys/types.h:
#  Implicit rule search has not been done.
#  Modification time never checked.
#  File has not been updated.

mm/mm.o:
#  Implicit rule search has not been done.
#  Modification time never checked.
#  File has not been updated.
#  recipe to execute (from 'Makefile', line 81):
	(cd mm; make)

# Not a target:
include/linux/fs.h:
#  Implicit rule search has not been done.
#  Modification time never checked.
#  File has not been updated.

fs/fs.o:
#  Implicit rule search has not been done.
#  Modification time never checked.
#  File has not been updated.
#  recipe to execute (from 'Makefile', line 84):
	(cd fs; make)

backup: clean
#  Implicit rule search has not been done.
#  Modification time never checked.
#  File has not been updated.
#  recipe to execute (from 'Makefile', line 111):
	(cd .. ; tar cf - linux | compress16 - > backup.Z)
	sync

# Not a target:
include/signal.h:
#  Implicit rule search has not been done.
#  Modification time never checked.
#  File has not been updated.

# Not a target:
tools/build.c:
#  Implicit rule search has not been done.
#  Modification time never checked.
#  File has not been updated.

# Not a target:
include/linux/head.h:
#  Implicit rule search has not been done.
#  Modification time never checked.
#  File has not been updated.

# Not a target:
include/time.h:
#  Implicit rule search has not been done.
#  Modification time never checked.
#  File has not been updated.

# Not a target:
include/stdarg.h:
#  Implicit rule search has not been done.
#  Modification time never checked.
#  File has not been updated.

# Not a target:
include/sys/utsname.h:
#  Implicit rule search has not been done.
#  Modification time never checked.
#  File has not been updated.

# Not a target:
boot/bootsect.s:
#  Implicit rule search has been done.
#  Last modified 2022-05-16 20:22:30.987921327
#  File has been updated.
#  Successfully updated.

# Not a target:
.SUFFIXES:
#  Implicit rule search has not been done.
#  Modification time never checked.
#  File has not been updated.

.c.s:
#  Implicit rule search has not been done.
#  Modification time never checked.
#  File has not been updated.
#  recipe to execute (from 'Makefile', line 31):
	$(CC) $(CFLAGS) \
	-nostdinc -Iinclude -S -o $*.s $<

# Not a target:
include/sys/stat.h:
#  Implicit rule search has not been done.
#  Modification time never checked.
#  File has not been updated.

# Not a target:
include/unistd.h:
#  Implicit rule search has not been done.
#  Modification time never checked.
#  File has not been updated.

# files hash-table stats:
# Load=50/1024=5%, Rehash=0, Collisions=2/117=2%
# VPATH Search Paths

# No 'vpath' search paths.
 

# No general ('VPATH' variable) search path.

# strcache buffers: 1 (0) / strings = 67 / storage = 813 B / avg = 12 B
# current buf: size = 8162 B / used = 813 B / count = 67 / avg = 12 B

# strcache performance: lookups = 114 / hit rate = 41%
# hash-table stats:
# Load=67/8192=1%, Rehash=0, Collisions=0/114=0%
# Finished Make data base on Sun Jun  5 12:37:57 2022

 
